1525268318076	geckodriver	INFO	Listening on 127.0.0.1:64025
1525268318098	mozprofile::profile	INFO	Using profile path /var/folders/dr/4j_j8xq10ws16bfj55vkp32w0000gn/T/rust_mozprofile.kH3rQEotIa41
1525268318102	geckodriver::marionette	INFO	Starting browser /Applications/Firefox.app/Contents/MacOS/firefox-bin
1525268318108	geckodriver::marionette	INFO	Connecting to Marionette on localhost:64034
1525268319060	Marionette	INFO	Enabled via --marionette
2018-05-02 21:38:40.352 plugin-container[18107:607277] *** CFMessagePort: bootstrap_register(): failed 1100 (0x44c) 'Permission denied', port = 0x8303, name = 'com.apple.tsm.portname'
See /usr/include/servers/bootstrap_defs.h for the error codes.
1525268320942	Marionette	INFO	Listening on port 64034
2018-05-02 21:38:41.672 plugin-container[18108:607367] *** CFMessagePort: bootstrap_register(): failed 1100 (0x44c) 'Permission denied', port = 0x7603, name = 'com.apple.tsm.portname'
See /usr/include/servers/bootstrap_defs.h for the error codes.
JavaScript error: jar:file:///Applications/Firefox.app/Contents/Resources/omni.ja!/components/nsUrlClassifierListManager.js, line 325: NS_ERROR_NOT_INITIALIZED: Component returned failure code: 0xc1f30001 (NS_ERROR_NOT_INITIALIZED) [nsIUrlClassifierDBService.getTables]
JavaScript error: jar:file:///Applications/Firefox.app/Contents/Resources/omni.ja!/components/nsUrlClassifierListManager.js, line 325: NS_ERROR_NOT_INITIALIZED: Component returned failure code: 0xc1f30001 (NS_ERROR_NOT_INITIALIZED) [nsIUrlClassifierDBService.getTables]
1525268836286	geckodriver	INFO	Listening on 127.0.0.1:64991
1525268836320	mozprofile::profile	INFO	Using profile path /var/folders/dr/4j_j8xq10ws16bfj55vkp32w0000gn/T/rust_mozprofile.itC6DRv2F4nC
1525268836322	geckodriver::marionette	INFO	Starting browser /Applications/Firefox.app/Contents/MacOS/firefox-bin
1525268836326	geckodriver::marionette	INFO	Connecting to Marionette on localhost:65000
1525268836914	Marionette	INFO	Enabled via --marionette
2018-05-02 21:47:18.003 plugin-container[18267:614359] *** CFMessagePort: bootstrap_register(): failed 1100 (0x44c) 'Permission denied', port = 0x7c07, name = 'com.apple.tsm.portname'
See /usr/include/servers/bootstrap_defs.h for the error codes.
1525268838626	Marionette	INFO	Listening on port 65000
2018-05-02 21:47:19.375 plugin-container[18268:614467] *** CFMessagePort: bootstrap_register(): failed 1100 (0x44c) 'Permission denied', port = 0x872f, name = 'com.apple.tsm.portname'
See /usr/include/servers/bootstrap_defs.h for the error codes.
1525268871070	geckodriver	INFO	Listening on 127.0.0.1:65122
1525268871092	mozprofile::profile	INFO	Using profile path /var/folders/dr/4j_j8xq10ws16bfj55vkp32w0000gn/T/rust_mozprofile.CIfxcRmZC2Ue
1525268871094	geckodriver::marionette	INFO	Starting browser /Applications/Firefox.app/Contents/MacOS/firefox-bin
1525268871098	geckodriver::marionette	INFO	Connecting to Marionette on localhost:65131
1525268871780	Marionette	INFO	Enabled via --marionette
2018-05-02 21:47:53.107 plugin-container[18275:615191] *** CFMessagePort: bootstrap_register(): failed 1100 (0x44c) 'Permission denied', port = 0x750b, name = 'com.apple.tsm.portname'
See /usr/include/servers/bootstrap_defs.h for the error codes.
1525268873666	Marionette	INFO	Listening on port 65131
2018-05-02 21:47:54.766 plugin-container[18276:615262] *** CFMessagePort: bootstrap_register(): failed 1100 (0x44c) 'Permission denied', port = 0x8207, name = 'com.apple.tsm.portname'
See /usr/include/servers/bootstrap_defs.h for the error codes.
1525268895589	geckodriver	INFO	Listening on 127.0.0.1:65243
1525268896624	mozprofile::profile	INFO	Using profile path /var/folders/dr/4j_j8xq10ws16bfj55vkp32w0000gn/T/rust_mozprofile.Kqr1ou9yOWY6
1525268896631	geckodriver::marionette	INFO	Starting browser /Applications/Firefox.app/Contents/MacOS/firefox-bin
1525268896635	geckodriver::marionette	INFO	Connecting to Marionette on localhost:65255
1525268897366	Marionette	INFO	Enabled via --marionette
2018-05-02 21:48:18.756 plugin-container[18289:615801] *** CFMessagePort: bootstrap_register(): failed 1100 (0x44c) 'Permission denied', port = 0x7943, name = 'com.apple.tsm.portname'
See /usr/include/servers/bootstrap_defs.h for the error codes.
1525268899316	Marionette	INFO	Listening on port 65255
2018-05-02 21:48:21.060 plugin-container[18290:615904] *** CFMessagePort: bootstrap_register(): failed 1100 (0x44c) 'Permission denied', port = 0x8547, name = 'com.apple.tsm.portname'
See /usr/include/servers/bootstrap_defs.h for the error codes.
1525268914807	geckodriver	INFO	Listening on 127.0.0.1:65375
1525268914834	mozprofile::profile	INFO	Using profile path /var/folders/dr/4j_j8xq10ws16bfj55vkp32w0000gn/T/rust_mozprofile.L9DU06vmQMV8
1525268914836	geckodriver::marionette	INFO	Starting browser /Applications/Firefox.app/Contents/MacOS/firefox-bin
1525268914839	geckodriver::marionette	INFO	Connecting to Marionette on localhost:65384
1525268915590	Marionette	INFO	Enabled via --marionette
2018-05-02 21:48:36.909 plugin-container[18300:616225] *** CFMessagePort: bootstrap_register(): failed 1100 (0x44c) 'Permission denied', port = 0x7e07, name = 'com.apple.tsm.portname'
See /usr/include/servers/bootstrap_defs.h for the error codes.
1525268917444	Marionette	INFO	Listening on port 65384
2018-05-02 21:48:38.211 plugin-container[18301:616299] *** CFMessagePort: bootstrap_register(): failed 1100 (0x44c) 'Permission denied', port = 0x863f, name = 'com.apple.tsm.portname'
See /usr/include/servers/bootstrap_defs.h for the error codes.
JavaScript error: jar:file:///Applications/Firefox.app/Contents/Resources/omni.ja!/components/nsUrlClassifierListManager.js, line 325: NS_ERROR_NOT_INITIALIZED: Component returned failure code: 0xc1f30001 (NS_ERROR_NOT_INITIALIZED) [nsIUrlClassifierDBService.getTables]
JavaScript error: jar:file:///Applications/Firefox.app/Contents/Resources/omni.ja!/components/nsUrlClassifierListManager.js, line 325: NS_ERROR_NOT_INITIALIZED: Component returned failure code: 0xc1f30001 (NS_ERROR_NOT_INITIALIZED) [nsIUrlClassifierDBService.getTables]
JavaScript error: jar:file:///Applications/Firefox.app/Contents/Resources/omni.ja!/components/nsUrlClassifierListManager.js, line 325: NS_ERROR_NOT_INITIALIZED: Component returned failure code: 0xc1f30001 (NS_ERROR_NOT_INITIALIZED) [nsIUrlClassifierDBService.getTables]
JavaScript error: jar:file:///Applications/Firefox.app/Contents/Resources/omni.ja!/components/nsUrlClassifierListManager.js, line 325: NS_ERROR_NOT_INITIALIZED: Component returned failure code: 0xc1f30001 (NS_ERROR_NOT_INITIALIZED) [nsIUrlClassifierDBService.getTables]
JavaScript error: jar:file:///Applications/Firefox.app/Contents/Resources/omni.ja!/components/nsUrlClassifierListManager.js, line 325: NS_ERROR_NOT_INITIALIZED: Component returned failure code: 0xc1f30001 (NS_ERROR_NOT_INITIALIZED) [nsIUrlClassifierDBService.getTables]
JavaScript error: jar:file:///Applications/Firefox.app/Contents/Resources/omni.ja!/components/nsUrlClassifierListManager.js, line 325: NS_ERROR_NOT_INITIALIZED: Component returned failure code: 0xc1f30001 (NS_ERROR_NOT_INITIALIZED) [nsIUrlClassifierDBService.getTables]
JavaScript error: jar:file:///Applications/Firefox.app/Contents/Resources/omni.ja!/components/nsUrlClassifierListManager.js, line 325: NS_ERROR_NOT_INITIALIZED: Component returned failure code: 0xc1f30001 (NS_ERROR_NOT_INITIALIZED) [nsIUrlClassifierDBService.getTables]
JavaScript error: jar:file:///Applications/Firefox.app/Contents/Resources/omni.ja!/components/nsUrlClassifierListManager.js, line 325: NS_ERROR_NOT_INITIALIZED: Component returned failure code: 0xc1f30001 (NS_ERROR_NOT_INITIALIZED) [nsIUrlClassifierDBService.getTables]
1525269608083	geckodriver	INFO	Listening on 127.0.0.1:49619
1525269608107	mozprofile::profile	INFO	Using profile path /var/folders/dr/4j_j8xq10ws16bfj55vkp32w0000gn/T/rust_mozprofile.aS94HyP1drhR
1525269608110	geckodriver::marionette	INFO	Starting browser /Applications/Firefox.app/Contents/MacOS/firefox-bin
1525269608114	geckodriver::marionette	INFO	Connecting to Marionette on localhost:49628
1525269608694	Marionette	INFO	Enabled via --marionette
2018-05-02 22:00:09.755 plugin-container[18401:622564] *** CFMessagePort: bootstrap_register(): failed 1100 (0x44c) 'Permission denied', port = 0x830b, name = 'com.apple.tsm.portname'
See /usr/include/servers/bootstrap_defs.h for the error codes.
1525269610268	Marionette	INFO	Listening on port 49628
2018-05-02 22:00:11.017 plugin-container[18402:622638] *** CFMessagePort: bootstrap_register(): failed 1100 (0x44c) 'Permission denied', port = 0x7243, name = 'com.apple.tsm.portname'
See /usr/include/servers/bootstrap_defs.h for the error codes.
JavaScript error: jar:file:///Applications/Firefox.app/Contents/Resources/omni.ja!/components/nsUrlClassifierListManager.js, line 325: NS_ERROR_NOT_INITIALIZED: Component returned failure code: 0xc1f30001 (NS_ERROR_NOT_INITIALIZED) [nsIUrlClassifierDBService.getTables]
JavaScript error: jar:file:///Applications/Firefox.app/Contents/Resources/omni.ja!/components/nsUrlClassifierListManager.js, line 325: NS_ERROR_NOT_INITIALIZED: Component returned failure code: 0xc1f30001 (NS_ERROR_NOT_INITIALIZED) [nsIUrlClassifierDBService.getTables]
